#
# There is insufficient memory for the Java Runtime Environment to continue.
# Native memory allocation (mmap) failed to map 65011712 bytes. Error detail: G1 virtual space
# Possible reasons:
#   The system is out of physical RAM or swap space
#   This process is running with CompressedOops enabled, and the Java Heap may be blocking the growth of the native heap
# Possible solutions:
#   Reduce memory load on the system
#   Increase physical memory or swap space
#   Check if swap backing store is full
#   Decrease Java heap size (-Xmx/-Xms)
#   Decrease number of Java threads
#   Decrease Java thread stack sizes (-Xss)
#   Set larger code cache with -XX:ReservedCodeCacheSize=
#   JVM is running with Unscaled Compressed Oops mode in which the Java heap is
#     placed in the first 4GB address space. The Java Heap base address is the
#     maximum limit for the native heap growth. Please use -XX:HeapBaseMinAddress
#     to set the Java Heap base and to place the Java Heap above 4GB virtual address.
# This output file may be truncated or incomplete.
#
#  Out of Memory Error (os_windows.cpp:3631), pid=78748, tid=56780
#
# JRE version:  (22.0.2+9) (build )
# Java VM: Java HotSpot(TM) 64-Bit Server VM (22.0.2+9-70, mixed mode, sharing, tiered, compressed oops, compressed class ptrs, g1 gc, windows-amd64)
# No core dump will be written. Minidumps are not enabled by default on client versions of Windows
#

---------------  S U M M A R Y ------------

Command Line: -Dfile.encoding=UTF-8 -Dstdout.encoding=UTF-8 -Dstderr.encoding=UTF-8 -XX:+ShowCodeDetailsInExceptionMessages main.Main

Host: 11th Gen Intel(R) Core(TM) i3-1115G4 @ 3.00GHz, 4 cores, 3G,  Windows 10 , 64 bit Build 19041 (10.0.19041.4957)
Time: Sun Nov  3 18:42:51 2024 Hora oficial do Brasil elapsed time: 0.021951 seconds (0d 0h 0m 0s)

---------------  T H R E A D  ---------------

Current thread (0x000001bbbc04dbb0):  JavaThread "Unknown thread" [_thread_in_vm, id=56780, stack(0x0000009898800000,0x0000009898900000) (1024K)]

Stack: [0x0000009898800000,0x0000009898900000]
Native frames: (J=compiled Java code, j=interpreted, Vv=VM code, C=native code)
V  [jvm.dll+0x6e26e9]  (no source info available)
V  [jvm.dll+0x875753]  (no source info available)
V  [jvm.dll+0x877b7e]  (no source info available)
V  [jvm.dll+0x878253]  (no source info available)
V  [jvm.dll+0x27fc86]  (no source info available)
V  [jvm.dll+0x6ded85]  (no source info available)
V  [jvm.dll+0x6d388a]  (no source info available)
V  [jvm.dll+0x358b8a]  (no source info available)
V  [jvm.dll+0x3610b6]  (no source info available)
V  [jvm.dll+0x3b419e]  (no source info available)
V  [jvm.dll+0x3b4448]  (no source info available)
V  [jvm.dll+0x32c5ec]  (no source info available)
V  [jvm.dll+0x32d258]  (no source info available)
V  [jvm.dll+0x83d5ac]  (no source info available)
V  [jvm.dll+0x3c10d1]  (no source info available)
V  [jvm.dll+0x8264cc]  (no source info available)
V  [jvm.dll+0x45bd5e]  (no source info available)
V  [jvm.dll+0x45dbe1]  (no source info available)
C  [jli.dll+0x52a3]  (no source info available)
C  [ucrtbase.dll+0x21bb2]  (no source info available)
C  [KERNEL32.DLL+0x17374]  (no source info available)
C  [ntdll.dll+0x4cc91]  (no source info available)


---------------  P R O C E S S  ---------------

Threads class SMR info:
_java_thread_list=0x00007ffce341c1c8, length=0, elements={
}

Java Threads: ( => current thread )
Total: 0

Other Threads:
  0x000001bbbc2149b0 WorkerThread "GC Thread#0"                     [id=61668, stack(0x0000009898900000,0x0000009898a00000) (1024K)]
  0x000001bbbc21dc30 ConcurrentGCThread "G1 Main Marker"            [id=68828, stack(0x0000009898a00000,0x0000009898b00000) (1024K)]
  0x000001bbbc21e740 WorkerThread "G1 Conc#0"                       [id=68320, stack(0x0000009898b00000,0x0000009898c00000) (1024K)]

[error occurred during error reporting (printing all threads), id 0xc0000005, EXCEPTION_ACCESS_VIOLATION (0xc0000005) at pc=0x00007ffce2b6f517]
VM state: not at safepoint (not fully initialized)

VM Mutex/Monitor currently owned by a thread:  ([mutex/lock_event])
[0x00007ffce349cc80] Heap_lock - owner thread: 0x000001bbbc04dbb0

Heap address: 0x00000000c3600000, size: 970 MB, Compressed Oops mode: 32-bit

CDS archive(s) mapped at: [0x0000000000000000-0x0000000000000000-0x0000000000000000), size 0, SharedBaseAddress: 0x0000000800000000, ArchiveRelocationMode: 1.
Narrow klass base: 0x0000000000000000, Narrow klass shift: 0, Narrow klass range: 0x0

GC Precious Log:
 CardTable entry size: 512
 Card Set container configuration: InlinePtr #cards 5 size 8 Array Of Cards #cards 12 size 40 Howl #buckets 4 coarsen threshold 1843 Howl Bitmap #cards 512 size 80 coarsen threshold 460 Card regions per heap region 1 cards per card region 2048

Heap:
 garbage-first heap   total reserved 993280K, committed 0K, used 0K [0x00000000c3600000, 0x0000000100000000)
  region size 1024K, 0 young (0K), 0 survivors (0K)

[error occurred during error reporting (printing heap information), id 0xc0000005, EXCEPTION_ACCESS_VIOLATION (0xc0000005) at pc=0x00007ffce2f6e869]
GC Heap History (0 events):
No events

Dll operation events (1 events):
Event: 0.014 Loaded shared library C:\Program Files\Java\jdk-22\bin\java.dll

Deoptimization events (0 events):
No events

Classes loaded (0 events):
No events

Classes unloaded (0 events):
No events

Classes redefined (0 events):
No events

Internal exceptions (0 events):
No events

ZGC Phase Switch (0 events):
No events

VM Operations (0 events):
No events

Memory protections (0 events):
No events

Nmethod flushes (0 events):
No events

Events (0 events):
No events


Dynamic libraries:
0x00007ff634650000 - 0x00007ff634660000 	C:\Program Files\Java\jdk-22\bin\javaw.exe
0x00007ffd4b2b0000 - 0x00007ffd4b4a8000 	C:\WINDOWS\SYSTEM32\ntdll.dll
0x00007ffd4b140000 - 0x00007ffd4b202000 	C:\WINDOWS\System32\KERNEL32.DLL
0x00007ffd48b80000 - 0x00007ffd48e7e000 	C:\WINDOWS\System32\KERNELBASE.dll
0x00007ffd48e80000 - 0x00007ffd48f80000 	C:\WINDOWS\System32\ucrtbase.dll
0x00007ffd42ab0000 - 0x00007ffd42ac7000 	C:\Program Files\Java\jdk-22\bin\jli.dll
0x00007ffd38a70000 - 0x00007ffd38a8b000 	C:\Program Files\Java\jdk-22\bin\VCRUNTIME140.dll
0x00007ffd4abb0000 - 0x00007ffd4ad4d000 	C:\WINDOWS\System32\USER32.dll
0x00007ffd34dc0000 - 0x00007ffd3505a000 	C:\WINDOWS\WinSxS\amd64_microsoft.windows.common-controls_6595b64144ccf1df_6.0.19041.4355_none_60b8b9eb71f62e16\COMCTL32.dll
0x00007ffd49020000 - 0x00007ffd49042000 	C:\WINDOWS\System32\win32u.dll
0x00007ffd4ab10000 - 0x00007ffd4abae000 	C:\WINDOWS\System32\msvcrt.dll
0x00007ffd494e0000 - 0x00007ffd4950b000 	C:\WINDOWS\System32\GDI32.dll
0x00007ffd49050000 - 0x00007ffd49167000 	C:\WINDOWS\System32\gdi32full.dll
0x00007ffd48f80000 - 0x00007ffd4901d000 	C:\WINDOWS\System32\msvcp_win.dll
0x00007ffd49450000 - 0x00007ffd4947f000 	C:\WINDOWS\System32\IMM32.DLL
0x00007ffd42aa0000 - 0x00007ffd42aac000 	C:\Program Files\Java\jdk-22\bin\vcruntime140_1.dll
0x00007ffd33040000 - 0x00007ffd330ce000 	C:\Program Files\Java\jdk-22\bin\msvcp140.dll
0x00007ffce2830000 - 0x00007ffce3579000 	C:\Program Files\Java\jdk-22\bin\server\jvm.dll
0x00007ffd4a0b0000 - 0x00007ffd4a162000 	C:\WINDOWS\System32\ADVAPI32.dll
0x00007ffd493a0000 - 0x00007ffd49440000 	C:\WINDOWS\System32\sechost.dll
0x00007ffd4a980000 - 0x00007ffd4aaa3000 	C:\WINDOWS\System32\RPCRT4.dll
0x00007ffd489a0000 - 0x00007ffd489c7000 	C:\WINDOWS\System32\bcrypt.dll
0x00007ffd4ad50000 - 0x00007ffd4adbb000 	C:\WINDOWS\System32\WS2_32.dll
0x00007ffd38a90000 - 0x00007ffd38a9a000 	C:\WINDOWS\SYSTEM32\VERSION.dll
0x00007ffd32b60000 - 0x00007ffd32b87000 	C:\WINDOWS\SYSTEM32\WINMM.dll
0x00007ffd47ee0000 - 0x00007ffd47f2b000 	C:\WINDOWS\SYSTEM32\POWRPROF.dll
0x00007ffd47d50000 - 0x00007ffd47d62000 	C:\WINDOWS\SYSTEM32\UMPDC.dll
0x00007ffd47170000 - 0x00007ffd47182000 	C:\WINDOWS\SYSTEM32\kernel.appcore.dll
0x00007ffd38ae0000 - 0x00007ffd38aea000 	C:\Program Files\Java\jdk-22\bin\jimage.dll
0x00007ffd46520000 - 0x00007ffd46704000 	C:\WINDOWS\SYSTEM32\DBGHELP.DLL
0x00007ffd368b0000 - 0x00007ffd368e4000 	C:\WINDOWS\SYSTEM32\dbgcore.DLL
0x00007ffd48a80000 - 0x00007ffd48b02000 	C:\WINDOWS\System32\bcryptPrimitives.dll
0x00007ffd37120000 - 0x00007ffd3713e000 	C:\Program Files\Java\jdk-22\bin\java.dll
0x00007ffd4a210000 - 0x00007ffd4a97f000 	C:\WINDOWS\System32\SHELL32.dll
0x00007ffd4b010000 - 0x00007ffd4b13b000 	C:\WINDOWS\System32\ole32.dll
0x00007ffd49980000 - 0x00007ffd49cd3000 	C:\WINDOWS\System32\combase.dll

dbghelp: loaded successfully - version: 4.0.5 - missing functions: none
symbol engine: initialized successfully - sym options: 0x614 - pdb path: .;C:\Program Files\Java\jdk-22\bin;C:\WINDOWS\SYSTEM32;C:\WINDOWS\WinSxS\amd64_microsoft.windows.common-controls_6595b64144ccf1df_6.0.19041.4355_none_60b8b9eb71f62e16;C:\Program Files\Java\jdk-22\bin\server

VM Arguments:
jvm_args: -Dfile.encoding=UTF-8 -Dstdout.encoding=UTF-8 -Dstderr.encoding=UTF-8 -XX:+ShowCodeDetailsInExceptionMessages 
java_command: main.Main
java_class_path (initial): C:\Users\cauan\OneDrive\Documentos\Git\SistemaHotel\bin
Launcher Type: SUN_STANDARD

[Global flags]
     intx CICompilerCount                          = 3                                         {product} {ergonomic}
     uint ConcGCThreads                            = 1                                         {product} {ergonomic}
     uint G1ConcRefinementThreads                  = 4                                         {product} {ergonomic}
   size_t G1HeapRegionSize                         = 1048576                                   {product} {ergonomic}
   size_t InitialHeapSize                          = 65011712                                  {product} {ergonomic}
   size_t MarkStackSize                            = 4194304                                   {product} {ergonomic}
   size_t MaxHeapSize                              = 1017118720                                {product} {ergonomic}
   size_t MinHeapDeltaBytes                        = 1048576                                   {product} {ergonomic}
   size_t MinHeapSize                              = 8388608                                   {product} {ergonomic}
    uintx NonNMethodCodeHeapSize                   = 5832780                                {pd product} {ergonomic}
    uintx NonProfiledCodeHeapSize                  = 122912730                              {pd product} {ergonomic}
    uintx ProfiledCodeHeapSize                     = 122912730                              {pd product} {ergonomic}
    uintx ReservedCodeCacheSize                    = 251658240                              {pd product} {ergonomic}
     bool SegmentedCodeCache                       = true                                      {product} {ergonomic}
     bool ShowCodeDetailsInExceptionMessages       = true                                   {manageable} {command line}
   size_t SoftMaxHeapSize                          = 1017118720                             {manageable} {ergonomic}
     bool UseCompressedOops                        = true                           {product lp64_product} {ergonomic}
     bool UseG1GC                                  = true                                      {product} {ergonomic}
     bool UseLargePagesIndividualAllocation        = false                                  {pd product} {ergonomic}

Logging:
Log output configuration:
 #0: stdout all=warning uptime,level,tags foldmultilines=false
 #1: stderr all=off uptime,level,tags foldmultilines=false

Environment Variables:
PATH=C:\Program Files\Common Files\Oracle\Java\javapath;C:\WINDOWS\system32;C:\WINDOWS;C:\WINDOWS\System32\Wbem;C:\WINDOWS\System32\WindowsPowerShell\v1.0\;C:\WINDOWS\System32\OpenSSH\;C:\Program Files\Git\cmd;C:\Program Files\nodejs\;C:\Users\cauan\AppData\Local\Programs\Python\Python312\Scripts\;C:\Users\cauan\AppData\Local\Programs\Python\Python312\;C:\Program Files\MySQL\MySQL Shell 8.0\bin\;C:\Users\cauan\AppData\Local\Programs\Python\Launcher\;C:\Users\cauan\AppData\Local\Microsoft\WindowsApps;C:\Users\cauan\AppData\Local\Programs\Microsoft VS Code\bin;C:\Users\cauan\AppData\Local\Pandoc\;C:\Users\cauan\AppData\Local\Programs\MiKTeX\miktex\bin\x64\;C:\Users\cauan\AppData\Local\Programs\MiKTeX\miktex\bin\x64;C:\Program Files\wkhtmltopdf\bin;C:\Users\cauan\AppData\Roaming\npm
USERNAME=cauan
OS=Windows_NT
PROCESSOR_IDENTIFIER=Intel64 Family 6 Model 140 Stepping 2, GenuineIntel
TMP=C:\Users\cauan\AppData\Local\Temp
TEMP=C:\Users\cauan\AppData\Local\Temp




Periodic native trim disabled

---------------  S Y S T E M  ---------------

OS:
 Windows 10 , 64 bit Build 19041 (10.0.19041.4957)
OS uptime: 9 days 23:26 hours

CPU: total 4 (initial active 4) (2 cores per cpu, 2 threads per core) family 6 model 140 stepping 2 microcode 0x26, cx8, cmov, fxsr, ht, mmx, 3dnowpref, sse, sse2, sse3, ssse3, sse4.1, sse4.2, popcnt, lzcnt, tsc, tscinvbit, avx, avx2, aes, erms, clmul, bmi1, bmi2, adx, avx512f, avx512dq, avx512cd, avx512bw, avx512vl, sha, fma, vzeroupper, avx512_vpopcntdq, avx512_vpclmulqdq, avx512_vaes, avx512_vnni, clflush, clflushopt, clwb, avx512_vbmi2, avx512_vbmi, rdtscp, rdpid, fsrm, gfni, avx512_bitalg, f16c, pku, cet_ibt, cet_ss, avx512_ifma
Processor Information for all 4 processors :
  Max Mhz: 2995, Current Mhz: 2995, Mhz Limit: 2995

Memory: 4k page, system-wide physical 3879M (206M free)
TotalPageFile size 15655M (AvailPageFile size 38M)
current process WorkingSet (physical memory assigned to process): 11M, peak: 11M
current process commit charge ("private bytes"): 52M, peak: 113M

vm_info: Java HotSpot(TM) 64-Bit Server VM (22.0.2+9-70) for windows-amd64 JRE (22.0.2+9-70), built on 2024-06-04T16:52:23Z by "mach5one" with MS VC++ 17.6 (VS2022)

END.
